<?xml version="1.0" encoding="UTF-8"?>
<!-- Generated by org.testng.reporters.JUnitXMLReporter -->
<testsuite ignored="1" hostname="DESKTOP-A0O6G1D" failures="0" tests="2" name="Test" time="29.164" errors="0" timestamp="13 Apr 2023 11:21:04 GMT">
  <testcase classname="com.sdet.Selenium_Maven_tng" name="login_Test" time="29.022"/>
  <testcase classname="com.sdet.AppTest" name="testlogin2" time="0.048"/>
  <testcase classname="com.sdet.AppTest" name="testlogin1" time="0.0">
    <ignored/>
  </testcase> <!-- testlogin1 -->
</testsuite> <!-- Test -->
