<?xml version="1.0" encoding="UTF-8"?>
<!-- Generated by org.testng.reporters.JUnitXMLReporter -->
<testsuite ignored="0" hostname="DESKTOP-A0O6G1D" failures="0" tests="3" name="Test" time="35.812" errors="0" timestamp="13 Apr 2023 10:58:27 GMT">
  <testcase classname="com.sdet.Selenium_Maven_tng" name="login_Test" time="35.764"/>
  <testcase classname="com.sdet.AppTest" name="testlogin1" time="0.013"/>
  <testcase classname="com.sdet.AppTest" name="testlogin2" time="0.0"/>
</testsuite> <!-- Test -->
