<?xml version="1.0" encoding="UTF-8"?>
<testng-results ignored="0" total="3" passed="3" failed="0" skipped="0">
  <reporter-output>
  </reporter-output>
  <suite started-at="2023-04-13T10:57:51Z" name="Suite" finished-at="2023-04-13T10:58:27Z" duration-ms="35812">
    <groups>
    </groups>
    <test started-at="2023-04-13T10:57:51Z" name="Test" finished-at="2023-04-13T10:58:27Z" duration-ms="35812">
      <class name="com.sdet.AppTest">
        <test-method signature="testlogin1()[pri:0, instance:com.sdet.AppTest@5117dd67]" started-at="2023-04-13T10:58:27Z" name="testlogin1" finished-at="2023-04-13T10:58:27Z" duration-ms="13" status="PASS">
          <reporter-output>
          </reporter-output>
        </test-method> <!-- testlogin1 -->
        <test-method signature="testlogin2()[pri:0, instance:com.sdet.AppTest@5117dd67]" started-at="2023-04-13T10:58:27Z" name="testlogin2" finished-at="2023-04-13T10:58:27Z" duration-ms="0" status="PASS">
          <reporter-output>
          </reporter-output>
        </test-method> <!-- testlogin2 -->
      </class> <!-- com.sdet.AppTest -->
      <class name="com.sdet.Selenium_Maven_tng">
        <test-method signature="login_Test()[pri:0, instance:com.sdet.Selenium_Maven_tng@5e403b4a]" started-at="2023-04-13T10:57:51Z" name="login_Test" finished-at="2023-04-13T10:58:27Z" duration-ms="35764" status="PASS">
          <reporter-output>
          </reporter-output>
        </test-method> <!-- login_Test -->
      </class> <!-- com.sdet.Selenium_Maven_tng -->
    </test> <!-- Test -->
  </suite> <!-- Suite -->
</testng-results>
