<?xml version="1.0" encoding="UTF-8"?>
<testng-results ignored="1" total="3" passed="2" failed="0" skipped="0">
  <reporter-output>
  </reporter-output>
  <suite started-at="2023-04-13T11:20:35Z" name="Suite" finished-at="2023-04-13T11:21:04Z" duration-ms="29164">
    <groups>
    </groups>
    <test started-at="2023-04-13T11:20:35Z" name="Test" finished-at="2023-04-13T11:21:04Z" duration-ms="29164">
      <class name="com.sdet.AppTest">
        <test-method signature="testlogin2()[pri:0, instance:com.sdet.AppTest@4f6f416f]" started-at="2023-04-13T11:21:04Z" name="testlogin2" finished-at="2023-04-13T11:21:04Z" duration-ms="48" status="PASS">
          <reporter-output>
          </reporter-output>
        </test-method> <!-- testlogin2 -->
      </class> <!-- com.sdet.AppTest -->
      <class name="com.sdet.Selenium_Maven_tng">
        <test-method signature="login_Test()[pri:0, instance:com.sdet.Selenium_Maven_tng@3e74829]" started-at="2023-04-13T11:20:35Z" name="login_Test" finished-at="2023-04-13T11:21:04Z" duration-ms="29022" status="PASS">
          <reporter-output>
          </reporter-output>
        </test-method> <!-- login_Test -->
      </class> <!-- com.sdet.Selenium_Maven_tng -->
    </test> <!-- Test -->
  </suite> <!-- Suite -->
</testng-results>
